<?xml version="1.0" encoding="utf-8"?><testsuites name="pytest tests"><testsuite name="pytest" errors="0" failures="0" skipped="0" tests="11" time="1.554" timestamp="2026-02-23T18:54:04.258003+00:00" hostname="agent-env-ffed23bb-d882-4fe9-a4be-b3740e652e9a"><testcase classname="backend.tests.test_n01_n02_n03.TestN01Dashboard" name="test_dashboard_stats_mtd" time="0.479" /><testcase classname="backend.tests.test_n01_n02_n03.TestN01Dashboard" name="test_dashboard_stats_last_month" time="0.074" /><testcase classname="backend.tests.test_n01_n02_n03.TestN01Dashboard" name="test_dashboard_stats_3m" time="0.079" /><testcase classname="backend.tests.test_n01_n02_n03.TestN01Dashboard" name="test_dashboard_stats_all" time="0.073" /><testcase classname="backend.tests.test_n01_n02_n03.TestN02TripWorksheet" name="test_get_trips_list" time="0.065" /><testcase classname="backend.tests.test_n01_n02_n03.TestN02TripWorksheet" name="test_trip_worksheet" time="0.162" /><testcase classname="backend.tests.test_n01_n02_n03.TestN02TripWorksheet" name="test_patch_invoice_comment" time="0.214" /><testcase classname="backend.tests.test_n01_n02_n03.TestN03ClientStatements" name="test_client_statements_default" time="0.063" /><testcase classname="backend.tests.test_n01_n02_n03.TestN03ClientStatements" name="test_client_statements_trip_amounts_structure" time="0.073" /><testcase classname="backend.tests.test_n01_n02_n03.TestN03ClientStatements" name="test_client_statements_sort_name_asc" time="0.070" /><testcase classname="backend.tests.test_n01_n02_n03.TestN03ClientStatements" name="test_client_statements_show_paid" time="0.123" /></testsuite></testsuites>